[2025-08-14 15:32:04] http=200 err=- resp={
  "name": "projects/partner-taxi-kierowca-2e764/messages/0:1755185524343594%3f7a32d13f7a32d1"
}

[2025-08-14 15:39:24] http=200 err=- resp={
  "name": "projects/partner-taxi-kierowca-2e764/messages/0:1755185964492525%3f7a32d13f7a32d1"
}

2025-08-14T15:39:24+00:00 {"status":"sent","resp":{"name":"projects\/partner-taxi-kierowca-2e764\/messages\/0:1755185964492525%3f7a32d13f7a32d1"}}
[2025-08-14 15:55:22] http=200 err=- resp={
  "name": "projects/partner-taxi-kierowca-2e764/messages/0:1755186922019787%3f7a32d13f7a32d1"
}

[2025-08-14 15:58:14] http=200 err=- resp={
  "name": "projects/partner-taxi-kierowca-2e764/messages/0:1755187094906754%3f7a32d13f7a32d1"
}

[2025-08-14 15:59:19] http=200 err=- resp={
  "name": "projects/partner-taxi-kierowca-2e764/messages/0:1755187158997241%3f7a32d13f7a32d1"
}

2025-08-14T15:59:19+00:00 {"status":"sent","resp":{"name":"projects\/partner-taxi-kierowca-2e764\/messages\/0:1755187158997241%3f7a32d13f7a32d1"}}
[2025-08-18 08:14:26] http=200 err=- resp={
  "name": "projects/partner-taxi-kierowca-2e764/messages/0:1755504866517361%3f7a32d13f7a32d1"
}

[2025-08-18 08:25:01] http=200 err=- resp={
  "name": "projects/partner-taxi-kierowca-2e764/messages/0:1755505501031919%3f7a32d13f7a32d1"
}

2025-08-18T08:25:01+00:00 {"status":"sent","resp":{"name":"projects\/partner-taxi-kierowca-2e764\/messages\/0:1755505501031919%3f7a32d13f7a32d1"}}
[2025-08-18 12:48:06] http=200 err=- resp={
  "name": "projects/partner-taxi-kierowca-2e764/messages/0:1755521286201309%3f7a32d13f7a32d1"
}

2025-08-18T12:48:06+00:00 {"status":"sent","resp":{"name":"projects\/partner-taxi-kierowca-2e764\/messages\/0:1755521286201309%3f7a32d13f7a32d1"}}
[2025-08-18 12:49:37] http=200 err=- resp={
  "name": "projects/partner-taxi-kierowca-2e764/messages/0:1755521377713718%3f7a32d13f7a32d1"
}

2025-08-18T12:49:37+00:00 {"status":"sent","resp":{"name":"projects\/partner-taxi-kierowca-2e764\/messages\/0:1755521377713718%3f7a32d13f7a32d1"}}
[2025-08-18 12:51:11] http=200 err=- resp={
  "name": "projects/partner-taxi-kierowca-2e764/messages/0:1755521471259635%3f7a32d13f7a32d1"
}

2025-08-18T12:51:11+00:00 {"status":"sent","resp":{"name":"projects\/partner-taxi-kierowca-2e764\/messages\/0:1755521471259635%3f7a32d13f7a32d1"}}
[2025-09-03 07:47:50] http=200 err=- resp={
  "name": "projects/partner-taxi-kierowca-2e764/messages/0:1756885670367840%3f7a32d13f7a32d1"
}

2025-09-03T07:47:50+00:00 {"status":"sent","resp":{"name":"projects\/partner-taxi-kierowca-2e764\/messages\/0:1756885670367840%3f7a32d13f7a32d1"}}
[2025-09-03 07:48:16] http=200 err=- resp={
  "name": "projects/partner-taxi-kierowca-2e764/messages/0:1756885696417679%3f7a32d13f7a32d1"
}

2025-09-03T07:48:16+00:00 {"status":"sent","resp":{"name":"projects\/partner-taxi-kierowca-2e764\/messages\/0:1756885696417679%3f7a32d13f7a32d1"}}
[2025-09-03 07:49:53] http=200 err=- resp={
  "name": "projects/partner-taxi-kierowca-2e764/messages/0:1756885793134742%3f7a32d13f7a32d1"
}

2025-09-03T07:49:53+00:00 {"status":"sent","resp":{"name":"projects\/partner-taxi-kierowca-2e764\/messages\/0:1756885793134742%3f7a32d13f7a32d1"}}
[2025-09-03 07:57:40] http=200 err=- resp={
  "name": "projects/partner-taxi-kierowca-2e764/messages/0:1756886260897789%3f7a32d13f7a32d1"
}

[2025-09-03 08:08:49] http=200 err=- resp={
  "name": "projects/partner-taxi-kierowca-2e764/messages/0:1756886929139506%3f7a32d13f7a32d1"
}

2025-09-03T08:08:49+00:00 {"status":"sent","resp":{"name":"projects\/partner-taxi-kierowca-2e764\/messages\/0:1756886929139506%3f7a32d13f7a32d1"}}
[2025-09-03 08:09:42] http=200 err=- resp={
  "name": "projects/partner-taxi-kierowca-2e764/messages/0:1756886982931968%3f7a32d13f7a32d1"
}

2025-09-03T08:09:42+00:00 {"status":"sent","resp":{"name":"projects\/partner-taxi-kierowca-2e764\/messages\/0:1756886982931968%3f7a32d13f7a32d1"}}
[2025-09-03 08:10:13] http=200 err=- resp={
  "name": "projects/partner-taxi-kierowca-2e764/messages/0:1756887013330146%3f7a32d13f7a32d1"
}

2025-09-03T08:10:13+00:00 {"status":"sent","resp":{"name":"projects\/partner-taxi-kierowca-2e764\/messages\/0:1756887013330146%3f7a32d13f7a32d1"}}
[2025-09-03 08:10:44] http=200 err=- resp={
  "name": "projects/partner-taxi-kierowca-2e764/messages/0:1756887044420193%3f7a32d13f7a32d1"
}

2025-09-03T08:10:44+00:00 {"status":"sent","resp":{"name":"projects\/partner-taxi-kierowca-2e764\/messages\/0:1756887044420193%3f7a32d13f7a32d1"}}
[2025-09-03 08:11:27] http=200 err=- resp={
  "name": "projects/partner-taxi-kierowca-2e764/messages/0:1756887087246214%3f7a32d13f7a32d1"
}

2025-09-03T08:11:27+00:00 {"status":"sent","resp":{"name":"projects\/partner-taxi-kierowca-2e764\/messages\/0:1756887087246214%3f7a32d13f7a32d1"}}
[2025-09-03 08:11:53] http=200 err=- resp={
  "name": "projects/partner-taxi-kierowca-2e764/messages/0:1756887113544654%3f7a32d13f7a32d1"
}

2025-09-03T08:11:53+00:00 {"status":"sent","resp":{"name":"projects\/partner-taxi-kierowca-2e764\/messages\/0:1756887113544654%3f7a32d13f7a32d1"}}
[2025-09-03 08:14:14] http=200 err=- resp={
  "name": "projects/partner-taxi-kierowca-2e764/messages/0:1756887254091053%3f7a32d13f7a32d1"
}

2025-09-03T08:14:14+00:00 {"status":"sent","resp":{"name":"projects\/partner-taxi-kierowca-2e764\/messages\/0:1756887254091053%3f7a32d13f7a32d1"}}
[2025-09-03 08:14:33] http=200 err=- resp={
  "name": "projects/partner-taxi-kierowca-2e764/messages/0:1756887273915798%3f7a32d13f7a32d1"
}

[2025-09-03 08:15:12] http=200 err=- resp={
  "name": "projects/partner-taxi-kierowca-2e764/messages/0:1756887312644612%3f7a32d13f7a32d1"
}

2025-09-03T08:15:12+00:00 {"status":"sent","resp":{"name":"projects\/partner-taxi-kierowca-2e764\/messages\/0:1756887312644612%3f7a32d13f7a32d1"}}
[2025-09-03 08:15:25] http=200 err=- resp={
  "name": "projects/partner-taxi-kierowca-2e764/messages/0:1756887325380000%3f7a32d13f7a32d1"
}

[2025-09-03 08:19:41] http=200 err=- resp={
  "name": "projects/partner-taxi-kierowca-2e764/messages/0:1756887581215956%3f7a32d13f7a32d1"
}

[2025-09-03 08:46:23] http=200 err=- resp={
  "name": "projects/partner-taxi-kierowca-2e764/messages/0:1756889183757342%3f7a32d1f9fd7ecd"
}

[2025-09-03 08:47:01] http=200 err=- resp={
  "name": "projects/partner-taxi-kierowca-2e764/messages/0:1756889221360857%3f7a32d1f9fd7ecd"
}

[2025-09-03 08:48:36] http=200 err=- resp={
  "name": "projects/partner-taxi-kierowca-2e764/messages/0:1756889316249798%3f7a32d1f9fd7ecd"
}

[2025-09-03 09:02:37] http=200 err=- resp={
  "name": "projects/partner-taxi-kierowca-2e764/messages/0:1756890157637381%3f7a32d13f7a32d1"
}

2025-09-03T09:02:37+00:00 {"status":"sent","resp":{"name":"projects\/partner-taxi-kierowca-2e764\/messages\/0:1756890157637381%3f7a32d13f7a32d1"}}
[2025-09-03 09:02:47] http=200 err=- resp={
  "name": "projects/partner-taxi-kierowca-2e764/messages/0:1756890167824397%3f7a32d1f9fd7ecd"
}

[2025-09-03 09:03:42] http=200 err=- resp={
  "name": "projects/partner-taxi-kierowca-2e764/messages/0:1756890222453738%3f7a32d13f7a32d1"
}

2025-09-03T09:03:42+00:00 {"status":"sent","resp":{"name":"projects\/partner-taxi-kierowca-2e764\/messages\/0:1756890222453738%3f7a32d13f7a32d1"}}
[2025-09-03 09:03:57] http=200 err=- resp={
  "name": "projects/partner-taxi-kierowca-2e764/messages/0:1756890237317752%3f7a32d13f7a32d1"
}

2025-09-03T09:03:57+00:00 {"status":"sent","resp":{"name":"projects\/partner-taxi-kierowca-2e764\/messages\/0:1756890237317752%3f7a32d13f7a32d1"}}
[2025-09-03 09:04:40] http=200 err=- resp={
  "name": "projects/partner-taxi-kierowca-2e764/messages/0:1756890280643801%3f7a32d1f9fd7ecd"
}

[2025-09-03 09:05:14] http=200 err=- resp={
  "name": "projects/partner-taxi-kierowca-2e764/messages/0:1756890314357196%3f7a32d13f7a32d1"
}

2025-09-03T09:05:14+00:00 {"status":"sent","resp":{"name":"projects\/partner-taxi-kierowca-2e764\/messages\/0:1756890314357196%3f7a32d13f7a32d1"}}
[2025-09-03 09:05:28] http=200 err=- resp={
  "name": "projects/partner-taxi-kierowca-2e764/messages/0:1756890328337621%3f7a32d13f7a32d1"
}

2025-09-03T09:05:28+00:00 {"status":"sent","resp":{"name":"projects\/partner-taxi-kierowca-2e764\/messages\/0:1756890328337621%3f7a32d13f7a32d1"}}
[2025-09-03 09:27:14] http=200 err=- resp={
  "name": "projects/partner-taxi-kierowca-2e764/messages/0:1756891634578740%3f7a32d1f9fd7ecd"
}

[2025-09-04 07:42:20] http=200 err=- resp={
  "name": "projects/partner-taxi-kierowca-2e764/messages/0:1756971740057326%3f7a32d13f7a32d1"
}

2025-09-04T07:42:20+00:00 {"status":"sent","resp":{"name":"projects\/partner-taxi-kierowca-2e764\/messages\/0:1756971740057326%3f7a32d13f7a32d1"}}
[2025-09-04 07:42:56] http=200 err=- resp={
  "name": "projects/partner-taxi-kierowca-2e764/messages/0:1756971776539765%3f7a32d13f7a32d1"
}

2025-09-04T07:42:56+00:00 {"status":"sent","resp":{"name":"projects\/partner-taxi-kierowca-2e764\/messages\/0:1756971776539765%3f7a32d13f7a32d1"}}
[2025-09-04 07:43:30] http=200 err=- resp={
  "name": "projects/partner-taxi-kierowca-2e764/messages/0:1756971810749012%3f7a32d13f7a32d1"
}

2025-09-04T07:43:30+00:00 {"status":"sent","resp":{"name":"projects\/partner-taxi-kierowca-2e764\/messages\/0:1756971810749012%3f7a32d13f7a32d1"}}
[2025-09-04 07:43:55] http=200 err=- resp={
  "name": "projects/partner-taxi-kierowca-2e764/messages/0:1756971835030768%3f7a32d13f7a32d1"
}

2025-09-04T07:43:55+00:00 {"status":"sent","resp":{"name":"projects\/partner-taxi-kierowca-2e764\/messages\/0:1756971835030768%3f7a32d13f7a32d1"}}
[2025-09-04 07:44:55] http=200 err=- resp={
  "name": "projects/partner-taxi-kierowca-2e764/messages/0:1756971895287455%3f7a32d13f7a32d1"
}

2025-09-04T07:44:55+00:00 {"status":"sent","resp":{"name":"projects\/partner-taxi-kierowca-2e764\/messages\/0:1756971895287455%3f7a32d13f7a32d1"}}
[2025-09-04 07:45:23] http=200 err=- resp={
  "name": "projects/partner-taxi-kierowca-2e764/messages/0:1756971923896006%3f7a32d13f7a32d1"
}

2025-09-04T07:45:23+00:00 {"status":"sent","resp":{"name":"projects\/partner-taxi-kierowca-2e764\/messages\/0:1756971923896006%3f7a32d13f7a32d1"}}
[2025-09-04 07:50:57] http=200 err=- resp={
  "name": "projects/partner-taxi-kierowca-2e764/messages/0:1756972257002712%3f7a32d13f7a32d1"
}

2025-09-04T07:50:57+00:00 {"status":"sent","resp":{"name":"projects\/partner-taxi-kierowca-2e764\/messages\/0:1756972257002712%3f7a32d13f7a32d1"}}
[2025-09-04 07:52:32] http=200 err=- resp={
  "name": "projects/partner-taxi-kierowca-2e764/messages/0:1756972352209722%3f7a32d13f7a32d1"
}

2025-09-04T07:52:32+00:00 {"status":"sent","resp":{"name":"projects\/partner-taxi-kierowca-2e764\/messages\/0:1756972352209722%3f7a32d13f7a32d1"}}
[2025-09-04 12:22:57] http=200 err=- resp={
  "name": "projects/partner-taxi-kierowca-2e764/messages/0:1756988577114186%3f7a32d13f7a32d1"
}

2025-09-04T12:22:57+00:00 {"status":"sent","resp":{"name":"projects\/partner-taxi-kierowca-2e764\/messages\/0:1756988577114186%3f7a32d13f7a32d1"}}
[2025-09-04 12:52:32] http=200 err=- resp={
  "name": "projects/partner-taxi-kierowca-2e764/messages/0:1756990352547539%3f7a32d13f7a32d1"
}

2025-09-04T12:52:32+00:00 {"status":"sent","resp":{"name":"projects\/partner-taxi-kierowca-2e764\/messages\/0:1756990352547539%3f7a32d13f7a32d1"}}
[2025-09-04 12:53:02] http=200 err=- resp={
  "name": "projects/partner-taxi-kierowca-2e764/messages/0:1756990382849309%3f7a32d13f7a32d1"
}

2025-09-04T12:53:02+00:00 {"status":"sent","resp":{"name":"projects\/partner-taxi-kierowca-2e764\/messages\/0:1756990382849309%3f7a32d13f7a32d1"}}
[2025-09-04 12:53:31] http=200 err=- resp={
  "name": "projects/partner-taxi-kierowca-2e764/messages/0:1756990411513160%3f7a32d13f7a32d1"
}

2025-09-04T12:53:31+00:00 {"status":"sent","resp":{"name":"projects\/partner-taxi-kierowca-2e764\/messages\/0:1756990411513160%3f7a32d13f7a32d1"}}
[2025-09-04 13:15:20] http=200 err=- resp={
  "name": "projects/partner-taxi-kierowca-2e764/messages/0:1756991720423966%3f7a32d13f7a32d1"
}

2025-09-04T13:15:20+00:00 {"status":"sent","resp":{"name":"projects\/partner-taxi-kierowca-2e764\/messages\/0:1756991720423966%3f7a32d13f7a32d1"}}
[2025-09-04 13:17:38] http=200 err=- resp={
  "name": "projects/partner-taxi-kierowca-2e764/messages/0:1756991858373939%3f7a32d13f7a32d1"
}

2025-09-04T13:17:38+00:00 {"status":"sent","resp":{"name":"projects\/partner-taxi-kierowca-2e764\/messages\/0:1756991858373939%3f7a32d13f7a32d1"}}
[2025-09-04 13:19:31] http=200 err=- resp={
  "name": "projects/partner-taxi-kierowca-2e764/messages/0:1756991971014379%3f7a32d13f7a32d1"
}

2025-09-04T13:19:31+00:00 {"status":"sent","resp":{"name":"projects\/partner-taxi-kierowca-2e764\/messages\/0:1756991971014379%3f7a32d13f7a32d1"}}
[2025-09-04 13:19:51] http=200 err=- resp={
  "name": "projects/partner-taxi-kierowca-2e764/messages/0:1756991991060367%3f7a32d13f7a32d1"
}

2025-09-04T13:19:51+00:00 {"status":"sent","resp":{"name":"projects\/partner-taxi-kierowca-2e764\/messages\/0:1756991991060367%3f7a32d13f7a32d1"}}
[2025-09-04 13:21:07] http=200 err=- resp={
  "name": "projects/partner-taxi-kierowca-2e764/messages/0:1756992067882422%3f7a32d13f7a32d1"
}

2025-09-04T13:21:07+00:00 {"status":"sent","resp":{"name":"projects\/partner-taxi-kierowca-2e764\/messages\/0:1756992067882422%3f7a32d13f7a32d1"}}
[2025-09-05 14:28:02] http=200 err=- resp={
  "name": "projects/partner-taxi-kierowca-2e764/messages/0:1757082482179891%3f7a32d13f7a32d1"
}

2025-09-05T14:28:02+00:00 {"status":"sent","resp":{"name":"projects\/partner-taxi-kierowca-2e764\/messages\/0:1757082482179891%3f7a32d13f7a32d1"}}
[2025-09-05 14:28:35] http=200 err=- resp={
  "name": "projects/partner-taxi-kierowca-2e764/messages/0:1757082515735371%3f7a32d13f7a32d1"
}

2025-09-05T14:28:35+00:00 {"status":"sent","resp":{"name":"projects\/partner-taxi-kierowca-2e764\/messages\/0:1757082515735371%3f7a32d13f7a32d1"}}
[2025-10-16 09:22:47] http=200 err=- resp={
  "name": "projects/partner-taxi-kierowca-2e764/messages/0:1760606567027064%3f7a32d1f9fd7ecd"
}

[2025-10-20 08:34:39] http=200 err=- resp={
  "name": "projects/partner-taxi-kierowca-2e764/messages/0:1760949279879286%3f7a32d13f7a32d1"
}

2025-10-20T08:34:39+00:00 {"status":"sent","resp":{"name":"projects\/partner-taxi-kierowca-2e764\/messages\/0:1760949279879286%3f7a32d13f7a32d1"}}
[2025-10-20 08:48:21] http=200 err=- resp={
  "name": "projects/partner-taxi-kierowca-2e764/messages/0:1760950101837433%3f7a32d13f7a32d1"
}

2025-10-20T08:48:21+00:00 {"status":"sent","resp":{"name":"projects\/partner-taxi-kierowca-2e764\/messages\/0:1760950101837433%3f7a32d13f7a32d1"}}
[2025-10-20 08:52:40] http=200 err=- resp={
  "name": "projects/partner-taxi-kierowca-2e764/messages/0:1760950360946898%3f7a32d13f7a32d1"
}

2025-10-20T08:52:40+00:00 {"status":"sent","resp":{"name":"projects\/partner-taxi-kierowca-2e764\/messages\/0:1760950360946898%3f7a32d13f7a32d1"}}
[2025-10-22 10:31:17] http=200 err=- resp={
  "name": "projects/partner-taxi-kierowca-2e764/messages/0:1761129077866287%3f7a32d13f7a32d1"
}

2025-10-22T10:31:17+00:00 {"status":"sent","resp":{"name":"projects\/partner-taxi-kierowca-2e764\/messages\/0:1761129077866287%3f7a32d13f7a32d1"}}
[2025-10-22 10:49:56] http=200 err=- resp={
  "name": "projects/partner-taxi-kierowca-2e764/messages/0:1761130196768416%3f7a32d13f7a32d1"
}

2025-10-22T10:49:56+00:00 {"status":"sent","resp":{"name":"projects\/partner-taxi-kierowca-2e764\/messages\/0:1761130196768416%3f7a32d13f7a32d1"}}
[2025-10-22 13:47:44] http=200 err=- resp={
  "name": "projects/partner-taxi-kierowca-2e764/messages/0:1761140864251269%3f7a32d1f9fd7ecd"
}

[2025-10-23 13:59:30] http=200 err=- resp={
  "name": "projects/partner-taxi-kierowca-2e764/messages/0:1761227970502641%3f7a32d1f9fd7ecd"
}

[2025-10-23 14:04:52] http=200 err=- resp={
  "name": "projects/partner-taxi-kierowca-2e764/messages/0:1761228292091602%3f7a32d1f9fd7ecd"
}

[2025-10-24 12:52:46] http=200 err=- resp={
  "name": "projects/partner-taxi-kierowca-2e764/messages/0:1761310366452709%3f7a32d13f7a32d1"
}

2025-10-24T12:52:46+00:00 {"status":"sent","resp":{"name":"projects\/partner-taxi-kierowca-2e764\/messages\/0:1761310366452709%3f7a32d13f7a32d1"}}
[2025-10-27 17:32:14] http=404 err=- resp={
  "error": {
    "code": 404,
    "message": "Requested entity was not found.",
    "status": "NOT_FOUND",
    "details": [
      {
        "@type": "type.googleapis.com/google.firebase.fcm.v1.FcmError",
        "errorCode": "UNREGISTERED"
      }
    ]
  }
}

[2025-10-27 17:33:36] http=404 err=- resp={
  "error": {
    "code": 404,
    "message": "Requested entity was not found.",
    "status": "NOT_FOUND",
    "details": [
      {
        "@type": "type.googleapis.com/google.firebase.fcm.v1.FcmError",
        "errorCode": "UNREGISTERED"
      }
    ]
  }
}

[2025-10-27 17:34:11] http=404 err=- resp={
  "error": {
    "code": 404,
    "message": "Requested entity was not found.",
    "status": "NOT_FOUND",
    "details": [
      {
        "@type": "type.googleapis.com/google.firebase.fcm.v1.FcmError",
        "errorCode": "UNREGISTERED"
      }
    ]
  }
}

[2025-10-27 17:41:29] http=200 err=- resp={
  "name": "projects/partner-taxi-kierowca-2e764/messages/0:1761586889470187%3f7a32d13f7a32d1"
}

2025-10-27T17:41:29+00:00 {"status":"sent","resp":{"name":"projects\/partner-taxi-kierowca-2e764\/messages\/0:1761586889470187%3f7a32d13f7a32d1"}}
[2025-10-27 17:41:48] http=404 err=- resp={
  "error": {
    "code": 404,
    "message": "Requested entity was not found.",
    "status": "NOT_FOUND",
    "details": [
      {
        "@type": "type.googleapis.com/google.firebase.fcm.v1.FcmError",
        "errorCode": "UNREGISTERED"
      }
    ]
  }
}

[2025-10-27 17:42:07] http=200 err=- resp={
  "name": "projects/partner-taxi-kierowca-2e764/messages/0:1761586927378390%3f7a32d13f7a32d1"
}

2025-10-27T17:42:07+00:00 {"status":"sent","resp":{"name":"projects\/partner-taxi-kierowca-2e764\/messages\/0:1761586927378390%3f7a32d13f7a32d1"}}
[2025-10-27 17:47:27] http=404 err=- resp={
  "error": {
    "code": 404,
    "message": "Requested entity was not found.",
    "status": "NOT_FOUND",
    "details": [
      {
        "@type": "type.googleapis.com/google.firebase.fcm.v1.FcmError",
        "errorCode": "UNREGISTERED"
      }
    ]
  }
}

[2025-10-27 17:47:46] http=200 err=- resp={
  "name": "projects/partner-taxi-kierowca-2e764/messages/0:1761587266536996%3f7a32d1f9fd7ecd"
}

[2025-10-27 17:51:10] http=200 err=- resp={
  "name": "projects/partner-taxi-kierowca-2e764/messages/0:1761587470042833%3f7a32d1f9fd7ecd"
}

[2025-10-28 12:29:38] http=200 err=- resp={
  "name": "projects/partner-taxi-kierowca-2e764/messages/0:1761654578759762%3f7a32d1f9fd7ecd"
}

[2025-10-28 12:30:32] http=200 err=- resp={
  "name": "projects/partner-taxi-kierowca-2e764/messages/0:1761654632141134%3f7a32d13f7a32d1"
}

2025-10-28T12:30:32+00:00 {"status":"sent","resp":{"name":"projects\/partner-taxi-kierowca-2e764\/messages\/0:1761654632141134%3f7a32d13f7a32d1"}}
[2025-10-28 12:31:29] http=200 err=- resp={
  "name": "projects/partner-taxi-kierowca-2e764/messages/0:1761654689467129%3f7a32d13f7a32d1"
}

2025-10-28T12:31:29+00:00 {"status":"sent","resp":{"name":"projects\/partner-taxi-kierowca-2e764\/messages\/0:1761654689467129%3f7a32d13f7a32d1"}}
[2025-10-28 13:19:16] http=200 err=- resp={
  "name": "projects/partner-taxi-kierowca-2e764/messages/0:1761657556063117%3f7a32d13f7a32d1"
}

2025-10-28T13:19:16+00:00 {"status":"sent","resp":{"name":"projects\/partner-taxi-kierowca-2e764\/messages\/0:1761657556063117%3f7a32d13f7a32d1"}}
[2025-10-28 13:20:06] http=200 err=- resp={
  "name": "projects/partner-taxi-kierowca-2e764/messages/0:1761657606329130%3f7a32d13f7a32d1"
}

2025-10-28T13:20:06+00:00 {"status":"sent","resp":{"name":"projects\/partner-taxi-kierowca-2e764\/messages\/0:1761657606329130%3f7a32d13f7a32d1"}}
[2025-10-28 13:20:34] http=200 err=- resp={
  "name": "projects/partner-taxi-kierowca-2e764/messages/0:1761657634270720%3f7a32d13f7a32d1"
}

2025-10-28T13:20:34+00:00 {"status":"sent","resp":{"name":"projects\/partner-taxi-kierowca-2e764\/messages\/0:1761657634270720%3f7a32d13f7a32d1"}}
[2025-10-28 13:23:13] http=200 err=- resp={
  "name": "projects/partner-taxi-kierowca-2e764/messages/0:1761657793053393%3f7a32d13f7a32d1"
}

2025-10-28T13:23:13+00:00 {"status":"sent","resp":{"name":"projects\/partner-taxi-kierowca-2e764\/messages\/0:1761657793053393%3f7a32d13f7a32d1"}}
[2025-10-28 13:23:45] http=200 err=- resp={
  "name": "projects/partner-taxi-kierowca-2e764/messages/0:1761657825886838%3f7a32d13f7a32d1"
}

2025-10-28T13:23:45+00:00 {"status":"sent","resp":{"name":"projects\/partner-taxi-kierowca-2e764\/messages\/0:1761657825886838%3f7a32d13f7a32d1"}}
[2025-10-28 13:33:36] http=200 err=- resp={
  "name": "projects/partner-taxi-kierowca-2e764/messages/0:1761658416127749%3f7a32d1f9fd7ecd"
}

[2025-10-29 09:11:05] http=200 err=- resp={
  "name": "projects/partner-taxi-kierowca-2e764/messages/0:1761729065276040%3f7a32d13f7a32d1"
}

2025-10-29T09:11:05+00:00 {"status":"sent","resp":{"name":"projects\/partner-taxi-kierowca-2e764\/messages\/0:1761729065276040%3f7a32d13f7a32d1"}}
[2025-10-29 09:12:05] http=200 err=- resp={
  "name": "projects/partner-taxi-kierowca-2e764/messages/0:1761729125652673%3f7a32d13f7a32d1"
}

2025-10-29T09:12:05+00:00 {"status":"sent","resp":{"name":"projects\/partner-taxi-kierowca-2e764\/messages\/0:1761729125652673%3f7a32d13f7a32d1"}}
[2025-10-29 09:29:29] http=200 err=- resp={
  "name": "projects/partner-taxi-kierowca-2e764/messages/0:1761730169764221%3f7a32d13f7a32d1"
}

2025-10-29T09:29:29+00:00 {"status":"sent","resp":{"name":"projects\/partner-taxi-kierowca-2e764\/messages\/0:1761730169764221%3f7a32d13f7a32d1"}}
[2025-10-29 09:30:33] http=200 err=- resp={
  "name": "projects/partner-taxi-kierowca-2e764/messages/0:1761730232985528%3f7a32d13f7a32d1"
}

2025-10-29T09:30:33+00:00 {"status":"sent","resp":{"name":"projects\/partner-taxi-kierowca-2e764\/messages\/0:1761730232985528%3f7a32d13f7a32d1"}}
[2025-10-29 09:31:14] http=200 err=- resp={
  "name": "projects/partner-taxi-kierowca-2e764/messages/0:1761730274126137%3f7a32d13f7a32d1"
}

2025-10-29T09:31:14+00:00 {"status":"sent","resp":{"name":"projects\/partner-taxi-kierowca-2e764\/messages\/0:1761730274126137%3f7a32d13f7a32d1"}}
[2025-10-29 09:43:24] http=200 err=- resp={
  "name": "projects/partner-taxi-kierowca-2e764/messages/0:1761731004203932%3f7a32d1f9fd7ecd"
}

[2025-10-29 09:43:38] http=404 err=- resp={
  "error": {
    "code": 404,
    "message": "Requested entity was not found.",
    "status": "NOT_FOUND",
    "details": [
      {
        "@type": "type.googleapis.com/google.firebase.fcm.v1.FcmError",
        "errorCode": "UNREGISTERED"
      }
    ]
  }
}

[2025-10-29 09:46:23] http=200 err=- resp={
  "name": "projects/partner-taxi-kierowca-2e764/messages/0:1761731183186361%3f7a32d1f9fd7ecd"
}

[2025-10-29 09:49:31] http=200 err=- resp={
  "name": "projects/partner-taxi-kierowca-2e764/messages/0:1761731371642252%3f7a32d1f9fd7ecd"
}

[2025-10-31 09:23:54] http=200 err=- resp={
  "name": "projects/partner-taxi-kierowca-2e764/messages/0:1761902634862879%3f7a32d13f7a32d1"
}

2025-10-31T09:23:54+00:00 {"status":"sent","resp":{"name":"projects\/partner-taxi-kierowca-2e764\/messages\/0:1761902634862879%3f7a32d13f7a32d1"}}
[2025-10-31 09:26:01] http=200 err=- resp={
  "name": "projects/partner-taxi-kierowca-2e764/messages/0:1761902761287280%3f7a32d13f7a32d1"
}

2025-10-31T09:26:01+00:00 {"status":"sent","resp":{"name":"projects\/partner-taxi-kierowca-2e764\/messages\/0:1761902761287280%3f7a32d13f7a32d1"}}
[2025-10-31 09:26:54] http=200 err=- resp={
  "name": "projects/partner-taxi-kierowca-2e764/messages/0:1761902814239075%3f7a32d13f7a32d1"
}

2025-10-31T09:26:54+00:00 {"status":"sent","resp":{"name":"projects\/partner-taxi-kierowca-2e764\/messages\/0:1761902814239075%3f7a32d13f7a32d1"}}
[2025-10-31 09:27:39] http=200 err=- resp={
  "name": "projects/partner-taxi-kierowca-2e764/messages/0:1761902859697272%3f7a32d13f7a32d1"
}

2025-10-31T09:27:39+00:00 {"status":"sent","resp":{"name":"projects\/partner-taxi-kierowca-2e764\/messages\/0:1761902859697272%3f7a32d13f7a32d1"}}
[2025-10-31 09:31:50] http=200 err=- resp={
  "name": "projects/partner-taxi-kierowca-2e764/messages/0:1761903110561754%3f7a32d13f7a32d1"
}

2025-10-31T09:31:50+00:00 {"status":"sent","resp":{"name":"projects\/partner-taxi-kierowca-2e764\/messages\/0:1761903110561754%3f7a32d13f7a32d1"}}
[2025-11-04 13:19:12] http=200 err=- resp={
  "name": "projects/partner-taxi-kierowca-2e764/messages/0:1762262352086634%3f7a32d1f9fd7ecd"
}

[2025-11-04 14:02:49] http=200 err=- resp={
  "name": "projects/partner-taxi-kierowca-2e764/messages/0:1762264969727873%3f7a32d13f7a32d1"
}

2025-11-04T14:02:49+00:00 {"status":"sent","resp":{"name":"projects\/partner-taxi-kierowca-2e764\/messages\/0:1762264969727873%3f7a32d13f7a32d1"}}
[2025-11-04 14:03:30] http=200 err=- resp={
  "name": "projects/partner-taxi-kierowca-2e764/messages/0:1762265010869076%3f7a32d13f7a32d1"
}

2025-11-04T14:03:30+00:00 {"status":"sent","resp":{"name":"projects\/partner-taxi-kierowca-2e764\/messages\/0:1762265010869076%3f7a32d13f7a32d1"}}
[2025-11-04 14:03:49] http=200 err=- resp={
  "name": "projects/partner-taxi-kierowca-2e764/messages/0:1762265029472980%3f7a32d13f7a32d1"
}

2025-11-04T14:03:49+00:00 {"status":"sent","resp":{"name":"projects\/partner-taxi-kierowca-2e764\/messages\/0:1762265029472980%3f7a32d13f7a32d1"}}
[2025-11-04 14:04:29] http=200 err=- resp={
  "name": "projects/partner-taxi-kierowca-2e764/messages/0:1762265069402808%3f7a32d13f7a32d1"
}

2025-11-04T14:04:29+00:00 {"status":"sent","resp":{"name":"projects\/partner-taxi-kierowca-2e764\/messages\/0:1762265069402808%3f7a32d13f7a32d1"}}
[2025-11-04 14:04:58] http=200 err=- resp={
  "name": "projects/partner-taxi-kierowca-2e764/messages/0:1762265098430339%3f7a32d13f7a32d1"
}

2025-11-04T14:04:58+00:00 {"status":"sent","resp":{"name":"projects\/partner-taxi-kierowca-2e764\/messages\/0:1762265098430339%3f7a32d13f7a32d1"}}
[2025-11-04 14:05:37] http=200 err=- resp={
  "name": "projects/partner-taxi-kierowca-2e764/messages/0:1762265137654323%3f7a32d13f7a32d1"
}

2025-11-04T14:05:37+00:00 {"status":"sent","resp":{"name":"projects\/partner-taxi-kierowca-2e764\/messages\/0:1762265137654323%3f7a32d13f7a32d1"}}
[2025-11-04 14:07:52] http=200 err=- resp={
  "name": "projects/partner-taxi-kierowca-2e764/messages/0:1762265272908527%3f7a32d13f7a32d1"
}

2025-11-04T14:07:52+00:00 {"status":"sent","resp":{"name":"projects\/partner-taxi-kierowca-2e764\/messages\/0:1762265272908527%3f7a32d13f7a32d1"}}
[2025-11-05 09:52:01] http=200 err=- resp={
  "name": "projects/partner-taxi-kierowca-2e764/messages/0:1762336321433451%3f7a32d13f7a32d1"
}

2025-11-05T09:52:01+00:00 {"status":"sent","resp":{"name":"projects\/partner-taxi-kierowca-2e764\/messages\/0:1762336321433451%3f7a32d13f7a32d1"}}
[2025-11-05 09:53:03] http=200 err=- resp={
  "name": "projects/partner-taxi-kierowca-2e764/messages/0:1762336383741396%3f7a32d13f7a32d1"
}

2025-11-05T09:53:03+00:00 {"status":"sent","resp":{"name":"projects\/partner-taxi-kierowca-2e764\/messages\/0:1762336383741396%3f7a32d13f7a32d1"}}
[2025-11-05 09:53:29] http=200 err=- resp={
  "name": "projects/partner-taxi-kierowca-2e764/messages/0:1762336409257364%3f7a32d13f7a32d1"
}

2025-11-05T09:53:29+00:00 {"status":"sent","resp":{"name":"projects\/partner-taxi-kierowca-2e764\/messages\/0:1762336409257364%3f7a32d13f7a32d1"}}
[2025-11-05 09:54:16] http=200 err=- resp={
  "name": "projects/partner-taxi-kierowca-2e764/messages/0:1762336455973240%3f7a32d13f7a32d1"
}

2025-11-05T09:54:16+00:00 {"status":"sent","resp":{"name":"projects\/partner-taxi-kierowca-2e764\/messages\/0:1762336455973240%3f7a32d13f7a32d1"}}
[2025-11-05 09:56:34] http=200 err=- resp={
  "name": "projects/partner-taxi-kierowca-2e764/messages/0:1762336594088901%3f7a32d13f7a32d1"
}

2025-11-05T09:56:34+00:00 {"status":"sent","resp":{"name":"projects\/partner-taxi-kierowca-2e764\/messages\/0:1762336594088901%3f7a32d13f7a32d1"}}
[2025-11-05 09:59:23] http=200 err=- resp={
  "name": "projects/partner-taxi-kierowca-2e764/messages/0:1762336762951581%3f7a32d13f7a32d1"
}

2025-11-05T09:59:23+00:00 {"status":"sent","resp":{"name":"projects\/partner-taxi-kierowca-2e764\/messages\/0:1762336762951581%3f7a32d13f7a32d1"}}
[2025-11-05 10:18:46] http=200 err=- resp={
  "name": "projects/partner-taxi-kierowca-2e764/messages/0:1762337926382685%3f7a32d13f7a32d1"
}

2025-11-05T10:18:46+00:00 {"status":"sent","resp":{"name":"projects\/partner-taxi-kierowca-2e764\/messages\/0:1762337926382685%3f7a32d13f7a32d1"}}
[2025-11-05 10:19:27] http=200 err=- resp={
  "name": "projects/partner-taxi-kierowca-2e764/messages/0:1762337967291474%3f7a32d13f7a32d1"
}

2025-11-05T10:19:27+00:00 {"status":"sent","resp":{"name":"projects\/partner-taxi-kierowca-2e764\/messages\/0:1762337967291474%3f7a32d13f7a32d1"}}
[2025-11-05 14:05:23] http=200 err=- resp={
  "name": "projects/partner-taxi-kierowca-2e764/messages/0:1762351523790697%3f7a32d1f9fd7ecd"
}

[2025-11-05 14:08:05] http=200 err=- resp={
  "name": "projects/partner-taxi-kierowca-2e764/messages/0:1762351685291807%3f7a32d13f7a32d1"
}

2025-11-05T14:08:05+00:00 {"status":"sent","resp":{"name":"projects\/partner-taxi-kierowca-2e764\/messages\/0:1762351685291807%3f7a32d13f7a32d1"}}
[2025-11-05 14:08:44] http=200 err=- resp={
  "name": "projects/partner-taxi-kierowca-2e764/messages/0:1762351724738382%3f7a32d13f7a32d1"
}

2025-11-05T14:08:44+00:00 {"status":"sent","resp":{"name":"projects\/partner-taxi-kierowca-2e764\/messages\/0:1762351724738382%3f7a32d13f7a32d1"}}
[2025-11-07 09:00:55] http=200 err=- resp={
  "name": "projects/partner-taxi-kierowca-2e764/messages/0:1762506055363647%3f7a32d13f7a32d1"
}

2025-11-07T09:00:55+00:00 {"status":"sent","resp":{"name":"projects\/partner-taxi-kierowca-2e764\/messages\/0:1762506055363647%3f7a32d13f7a32d1"}}
[2025-11-07 09:00:55] http=200 err=- resp={
  "name": "projects/partner-taxi-kierowca-2e764/messages/0:1762506055635471%3f7a32d13f7a32d1"
}

2025-11-07T09:00:55+00:00 {"status":"sent","resp":{"name":"projects\/partner-taxi-kierowca-2e764\/messages\/0:1762506055635471%3f7a32d13f7a32d1"}}
[2025-11-07 10:00:51] http=200 err=- resp={
  "name": "projects/partner-taxi-kierowca-2e764/messages/0:1762509651244518%3f7a32d13f7a32d1"
}

2025-11-07T10:00:51+00:00 {"status":"sent","resp":{"name":"projects\/partner-taxi-kierowca-2e764\/messages\/0:1762509651244518%3f7a32d13f7a32d1"}}
[2025-11-07 10:02:40] http=200 err=- resp={
  "name": "projects/partner-taxi-kierowca-2e764/messages/0:1762509760146432%3f7a32d13f7a32d1"
}

2025-11-07T10:02:40+00:00 {"status":"sent","resp":{"name":"projects\/partner-taxi-kierowca-2e764\/messages\/0:1762509760146432%3f7a32d13f7a32d1"}}
